[2026-06-07 11:54:43] [INFO] Logger initialised successfully
[2026-06-07 11:54:43] [WARN] This is a WARN test
[2026-06-07 11:54:43] [ERROR] This is an ERROR test
[2026-06-07 11:54:43] [DEBUG] This is a DEBUG test — only visible if DEBUG_MODE=true
[2026-06-07 13:02:44] [INFO] StatusManager — all tools reset to pending
[2026-06-07 13:02:44] [INFO] StatusManager — gitleaks → running
[2026-06-07 13:02:44] [INFO] StatusManager — gitleaks → done | findings: 135
[2026-06-07 13:02:44] [ERROR] StatusManager — codacy → failed | API timeout
[2026-06-07 13:05:11] [INFO] Validator — checking submitted URL
[2026-06-07 13:05:11] [WARN] Validator — URL missing or not a string
[2026-06-07 13:05:11] [INFO] Validator — checking submitted URL
[2026-06-07 13:05:11] [WARN] Validator — URL missing or not a string
[2026-06-07 13:05:11] [INFO] Validator — checking submitted URL
[2026-06-07 13:05:11] [WARN] Validator — invalid URL format: https://google.com/something
[2026-06-07 13:05:11] [INFO] Validator — checking submitted URL
[2026-06-07 13:05:11] [INFO] Validator — URL valid: https://github.com/patyalav/sast-juice-shop
[2026-06-07 13:05:11] [INFO] Validator — checking submitted URL
[2026-06-07 13:05:11] [INFO] Validator — URL valid: https://github.com/patyalav/sast-juice-shop.git
[2026-06-07 13:06:39] [INFO] Cleanup — deleted: C:\_WorkingFolder\GITHUB_PROJECTS_AVI\sast-pipeline-demo\test-cleanup-dummy
[2026-06-07 13:06:39] [WARN] Cleanup — directory not found, skipping: C:\_WorkingFolder\GITHUB_PROJECTS_AVI\sast-pipeline-demo\does-not-exist
[2026-06-07 13:06:39] [ERROR] Cleanup — no directory path provided
[2026-06-07 13:35:50] [INFO] SonarQube health check — http://localhost:9000/api/system/status
[2026-06-07 13:35:50] [INFO] SonarQube health check — UP ✅
[2026-06-07 14:33:41] [INFO] ReportCombiner — starting
[2026-06-07 14:33:41] [INFO] ReportCombiner — gitleaks: 1 findings
[2026-06-07 14:33:41] [INFO] ReportCombiner — semgrep: 1 findings
[2026-06-07 14:33:41] [WARN] ReportCombiner — sonarqube report not found, skipping
[2026-06-07 14:33:41] [WARN] ReportCombiner — codacy report not found, skipping
[2026-06-07 14:33:41] [INFO] ReportCombiner — written | total findings: 2
[2026-06-07 17:36:20] [INFO] StatusManager — all tools reset to pending
[2026-06-07 17:36:20] [INFO] SonarQube health check — http://localhost:9000/api/system/status
[2026-06-07 17:36:20] [INFO] SonarQube health check — UP ✅
[2026-06-07 17:36:20] [INFO] ──────────────────────────────────────────
[2026-06-07 17:36:20] [INFO] SAST Pipeline Demo — server started
[2026-06-07 17:36:20] [INFO] URL      : http://localhost:3000
[2026-06-07 17:36:20] [INFO] Health   : http://localhost:3000/health
[2026-06-07 17:36:20] [INFO] ──────────────────────────────────────────
[2026-06-07 17:39:11] [INFO] GET /health
[2026-06-07 17:39:24] [INFO] POST /api/scan — request received
[2026-06-07 17:39:24] [INFO] Validator — checking submitted URL
[2026-06-07 17:39:24] [WARN] Validator — invalid URL format: not-a-url
[2026-06-07 17:39:24] [WARN] POST /api/scan — invalid URL | Must be a valid GitHub repository URL (https://github.com/owner/repo)
[2026-06-07 17:39:35] [INFO] POST /api/scan — request received
[2026-06-07 17:39:35] [INFO] Validator — checking submitted URL
[2026-06-07 17:39:35] [INFO] Validator — URL valid: https://github.com/patyalav/sast-juice-shop
[2026-06-07 17:39:35] [INFO] POST /api/scan — starting scan for: https://github.com/patyalav/sast-juice-shop
[2026-06-07 17:42:23] [INFO] POST /api/scan — request received
[2026-06-07 17:42:23] [INFO] Validator — checking submitted URL
[2026-06-07 17:42:23] [INFO] Validator — URL valid: https://github.com/patyalav/sast-juice-shop
[2026-06-07 17:42:23] [INFO] POST /api/scan — starting scan for: https://github.com/patyalav/sast-juice-shop
[2026-06-07 17:42:54] [INFO] StatusManager — all tools reset to pending
[2026-06-07 17:42:54] [INFO] SonarQube health check — http://localhost:9000/api/system/status
[2026-06-07 17:42:54] [INFO] SonarQube health check — UP ✅
[2026-06-07 17:42:54] [INFO] ──────────────────────────────────────────
[2026-06-07 17:42:54] [INFO] SAST Pipeline Demo — server started
[2026-06-07 17:42:54] [INFO] URL      : http://localhost:3000
[2026-06-07 17:42:54] [INFO] Health   : http://localhost:3000/health
[2026-06-07 17:42:54] [INFO] ──────────────────────────────────────────
[2026-06-07 17:43:01] [INFO] POST /api/scan — request received
[2026-06-07 17:43:01] [INFO] Validator — checking submitted URL
[2026-06-07 17:43:01] [INFO] Validator — URL valid: https://github.com/patyalav/sast-juice-shop
[2026-06-07 17:43:01] [INFO] POST /api/scan — starting scan for: https://github.com/patyalav/sast-juice-shop
[2026-06-07 17:43:01] [INFO] Scan complete — report at: null
[2026-06-07 17:43:50] [WARN] GET /api/scan/report — report not ready yet
